<?xml version="1.0" encoding="UTF-8"?>
<testsuite xmlns:xsi="http://www.w3.org/2001/XMLSchema-instance" xsi:noNamespaceSchemaLocation="https://maven.apache.org/surefire/maven-surefire-plugin/xsd/surefire-test-report.xsd" name="com.nastyastrel.appkafkapostgres.AppKafkaPostgresApplicationTests" time="3.245" tests="1" errors="0" skipped="0" failures="0">
  <properties>
    <property name="sun.desktop" value="gnome"/>
    <property name="awt.toolkit" value="sun.awt.X11.XToolkit"/>
    <property name="file.encoding.pkg" value="sun.io"/>
    <property name="java.specification.version" value="16"/>
    <property name="jdk.extensions.version" value="16.0.1.0"/>
    <property name="sun.jnu.encoding" value="UTF-8"/>
    <property name="java.class.path" value="/home/nastyastrel/dev/local/app-kafka-postgres/target/test-classes:/home/nastyastrel/dev/local/app-kafka-postgres/target/classes:/home/nastyastrel/.m2/repository/org/springframework/boot/spring-boot-starter/2.6.1/spring-boot-starter-2.6.1.jar:/home/nastyastrel/.m2/repository/org/springframework/boot/spring-boot/2.6.1/spring-boot-2.6.1.jar:/home/nastyastrel/.m2/repository/org/springframework/boot/spring-boot-autoconfigure/2.6.1/spring-boot-autoconfigure-2.6.1.jar:/home/nastyastrel/.m2/repository/org/springframework/boot/spring-boot-starter-logging/2.6.1/spring-boot-starter-logging-2.6.1.jar:/home/nastyastrel/.m2/repository/ch/qos/logback/logback-classic/1.2.7/logback-classic-1.2.7.jar:/home/nastyastrel/.m2/repository/ch/qos/logback/logback-core/1.2.7/logback-core-1.2.7.jar:/home/nastyastrel/.m2/repository/org/apache/logging/log4j/log4j-to-slf4j/2.14.1/log4j-to-slf4j-2.14.1.jar:/home/nastyastrel/.m2/repository/org/apache/logging/log4j/log4j-api/2.14.1/log4j-api-2.14.1.jar:/home/nastyastrel/.m2/repository/org/slf4j/jul-to-slf4j/1.7.32/jul-to-slf4j-1.7.32.jar:/home/nastyastrel/.m2/repository/jakarta/annotation/jakarta.annotation-api/1.3.5/jakarta.annotation-api-1.3.5.jar:/home/nastyastrel/.m2/repository/org/springframework/spring-core/5.3.13/spring-core-5.3.13.jar:/home/nastyastrel/.m2/repository/org/springframework/spring-jcl/5.3.13/spring-jcl-5.3.13.jar:/home/nastyastrel/.m2/repository/org/yaml/snakeyaml/1.29/snakeyaml-1.29.jar:/home/nastyastrel/.m2/repository/org/springframework/kafka/spring-kafka/2.8.0/spring-kafka-2.8.0.jar:/home/nastyastrel/.m2/repository/org/springframework/spring-context/5.3.13/spring-context-5.3.13.jar:/home/nastyastrel/.m2/repository/org/springframework/spring-aop/5.3.13/spring-aop-5.3.13.jar:/home/nastyastrel/.m2/repository/org/springframework/spring-beans/5.3.13/spring-beans-5.3.13.jar:/home/nastyastrel/.m2/repository/org/springframework/spring-expression/5.3.13/spring-expression-5.3.13.jar:/home/nastyastrel/.m2/repository/org/springframework/spring-messaging/5.3.13/spring-messaging-5.3.13.jar:/home/nastyastrel/.m2/repository/org/springframework/spring-tx/5.3.13/spring-tx-5.3.13.jar:/home/nastyastrel/.m2/repository/org/springframework/retry/spring-retry/1.3.1/spring-retry-1.3.1.jar:/home/nastyastrel/.m2/repository/javax/annotation/javax.annotation-api/1.3.2/javax.annotation-api-1.3.2.jar:/home/nastyastrel/.m2/repository/org/apache/kafka/kafka-clients/3.0.0/kafka-clients-3.0.0.jar:/home/nastyastrel/.m2/repository/com/github/luben/zstd-jni/1.5.0-2/zstd-jni-1.5.0-2.jar:/home/nastyastrel/.m2/repository/org/lz4/lz4-java/1.7.1/lz4-java-1.7.1.jar:/home/nastyastrel/.m2/repository/org/xerial/snappy/snappy-java/1.1.8.1/snappy-java-1.1.8.1.jar:/home/nastyastrel/.m2/repository/org/slf4j/slf4j-api/1.7.32/slf4j-api-1.7.32.jar:/home/nastyastrel/.m2/repository/com/google/code/findbugs/jsr305/3.0.2/jsr305-3.0.2.jar:/home/nastyastrel/.m2/repository/org/postgresql/postgresql/42.3.1/postgresql-42.3.1.jar:/home/nastyastrel/.m2/repository/org/checkerframework/checker-qual/3.5.0/checker-qual-3.5.0.jar:/home/nastyastrel/.m2/repository/org/springframework/boot/spring-boot-starter-test/2.6.1/spring-boot-starter-test-2.6.1.jar:/home/nastyastrel/.m2/repository/org/springframework/boot/spring-boot-test/2.6.1/spring-boot-test-2.6.1.jar:/home/nastyastrel/.m2/repository/org/springframework/boot/spring-boot-test-autoconfigure/2.6.1/spring-boot-test-autoconfigure-2.6.1.jar:/home/nastyastrel/.m2/repository/com/jayway/jsonpath/json-path/2.6.0/json-path-2.6.0.jar:/home/nastyastrel/.m2/repository/net/minidev/json-smart/2.4.7/json-smart-2.4.7.jar:/home/nastyastrel/.m2/repository/net/minidev/accessors-smart/2.4.7/accessors-smart-2.4.7.jar:/home/nastyastrel/.m2/repository/org/ow2/asm/asm/9.1/asm-9.1.jar:/home/nastyastrel/.m2/repository/jakarta/xml/bind/jakarta.xml.bind-api/2.3.3/jakarta.xml.bind-api-2.3.3.jar:/home/nastyastrel/.m2/repository/jakarta/activation/jakarta.activation-api/1.2.2/jakarta.activation-api-1.2.2.jar:/home/nastyastrel/.m2/repository/org/assertj/assertj-core/3.21.0/assertj-core-3.21.0.jar:/home/nastyastrel/.m2/repository/org/hamcrest/hamcrest/2.2/hamcrest-2.2.jar:/home/nastyastrel/.m2/repository/org/junit/jupiter/junit-jupiter/5.8.1/junit-jupiter-5.8.1.jar:/home/nastyastrel/.m2/repository/org/junit/jupiter/junit-jupiter-params/5.8.1/junit-jupiter-params-5.8.1.jar:/home/nastyastrel/.m2/repository/org/junit/jupiter/junit-jupiter-engine/5.8.1/junit-jupiter-engine-5.8.1.jar:/home/nastyastrel/.m2/repository/org/junit/platform/junit-platform-engine/1.8.1/junit-platform-engine-1.8.1.jar:/home/nastyastrel/.m2/repository/org/mockito/mockito-core/4.0.0/mockito-core-4.0.0.jar:/home/nastyastrel/.m2/repository/net/bytebuddy/byte-buddy/1.11.22/byte-buddy-1.11.22.jar:/home/nastyastrel/.m2/repository/net/bytebuddy/byte-buddy-agent/1.11.22/byte-buddy-agent-1.11.22.jar:/home/nastyastrel/.m2/repository/org/objenesis/objenesis/3.2/objenesis-3.2.jar:/home/nastyastrel/.m2/repository/org/mockito/mockito-junit-jupiter/4.0.0/mockito-junit-jupiter-4.0.0.jar:/home/nastyastrel/.m2/repository/org/skyscreamer/jsonassert/1.5.0/jsonassert-1.5.0.jar:/home/nastyastrel/.m2/repository/com/vaadin/external/google/android-json/0.0.20131108.vaadin1/android-json-0.0.20131108.vaadin1.jar:/home/nastyastrel/.m2/repository/org/springframework/spring-test/5.3.13/spring-test-5.3.13.jar:/home/nastyastrel/.m2/repository/org/xmlunit/xmlunit-core/2.8.3/xmlunit-core-2.8.3.jar:/home/nastyastrel/.m2/repository/org/springframework/boot/spring-boot-starter-jdbc/2.6.1/spring-boot-starter-jdbc-2.6.1.jar:/home/nastyastrel/.m2/repository/com/zaxxer/HikariCP/4.0.3/HikariCP-4.0.3.jar:/home/nastyastrel/.m2/repository/org/springframework/spring-jdbc/5.3.13/spring-jdbc-5.3.13.jar:/home/nastyastrel/.m2/repository/org/springframework/kafka/spring-kafka-test/2.8.0/spring-kafka-test-2.8.0.jar:/home/nastyastrel/.m2/repository/org/apache/zookeeper/zookeeper/3.6.3/zookeeper-3.6.3.jar:/home/nastyastrel/.m2/repository/org/apache/zookeeper/zookeeper-jute/3.6.3/zookeeper-jute-3.6.3.jar:/home/nastyastrel/.m2/repository/org/apache/yetus/audience-annotations/0.5.0/audience-annotations-0.5.0.jar:/home/nastyastrel/.m2/repository/io/netty/netty-handler/4.1.70.Final/netty-handler-4.1.70.Final.jar:/home/nastyastrel/.m2/repository/io/netty/netty-common/4.1.70.Final/netty-common-4.1.70.Final.jar:/home/nastyastrel/.m2/repository/io/netty/netty-resolver/4.1.70.Final/netty-resolver-4.1.70.Final.jar:/home/nastyastrel/.m2/repository/io/netty/netty-buffer/4.1.70.Final/netty-buffer-4.1.70.Final.jar:/home/nastyastrel/.m2/repository/io/netty/netty-transport/4.1.70.Final/netty-transport-4.1.70.Final.jar:/home/nastyastrel/.m2/repository/io/netty/netty-codec/4.1.70.Final/netty-codec-4.1.70.Final.jar:/home/nastyastrel/.m2/repository/io/netty/netty-transport-native-epoll/4.1.70.Final/netty-transport-native-epoll-4.1.70.Final.jar:/home/nastyastrel/.m2/repository/io/netty/netty-transport-native-unix-common/4.1.70.Final/netty-transport-native-unix-common-4.1.70.Final.jar:/home/nastyastrel/.m2/repository/io/netty/netty-transport-classes-epoll/4.1.70.Final/netty-transport-classes-epoll-4.1.70.Final.jar:/home/nastyastrel/.m2/repository/org/apache/kafka/kafka-clients/3.0.0/kafka-clients-3.0.0-test.jar:/home/nastyastrel/.m2/repository/org/apache/kafka/kafka-metadata/3.0.0/kafka-metadata-3.0.0.jar:/home/nastyastrel/.m2/repository/org/apache/kafka/kafka-server-common/3.0.0/kafka-server-common-3.0.0.jar:/home/nastyastrel/.m2/repository/org/apache/kafka/kafka-raft/3.0.0/kafka-raft-3.0.0.jar:/home/nastyastrel/.m2/repository/com/fasterxml/jackson/datatype/jackson-datatype-jdk8/2.13.0/jackson-datatype-jdk8-2.13.0.jar:/home/nastyastrel/.m2/repository/com/yammer/metrics/metrics-core/2.2.0/metrics-core-2.2.0.jar:/home/nastyastrel/.m2/repository/org/apache/kafka/kafka-streams-test-utils/3.0.0/kafka-streams-test-utils-3.0.0.jar:/home/nastyastrel/.m2/repository/org/apache/kafka/kafka-streams/3.0.0/kafka-streams-3.0.0.jar:/home/nastyastrel/.m2/repository/org/rocksdb/rocksdbjni/6.19.3/rocksdbjni-6.19.3.jar:/home/nastyastrel/.m2/repository/org/apache/kafka/kafka_2.13/3.0.0/kafka_2.13-3.0.0.jar:/home/nastyastrel/.m2/repository/org/scala-lang/scala-library/2.13.6/scala-library-2.13.6.jar:/home/nastyastrel/.m2/repository/org/apache/kafka/kafka-storage/3.0.0/kafka-storage-3.0.0.jar:/home/nastyastrel/.m2/repository/org/apache/kafka/kafka-storage-api/3.0.0/kafka-storage-api-3.0.0.jar:/home/nastyastrel/.m2/repository/net/sourceforge/argparse4j/argparse4j/0.7.0/argparse4j-0.7.0.jar:/home/nastyastrel/.m2/repository/com/fasterxml/jackson/module/jackson-module-scala_2.13/2.13.0/jackson-module-scala_2.13-2.13.0.jar:/home/nastyastrel/.m2/repository/com/thoughtworks/paranamer/paranamer/2.8/paranamer-2.8.jar:/home/nastyastrel/.m2/repository/com/fasterxml/jackson/dataformat/jackson-dataformat-csv/2.13.0/jackson-dataformat-csv-2.13.0.jar:/home/nastyastrel/.m2/repository/net/sf/jopt-simple/jopt-simple/5.0.4/jopt-simple-5.0.4.jar:/home/nastyastrel/.m2/repository/org/scala-lang/modules/scala-collection-compat_2.13/2.4.4/scala-collection-compat_2.13-2.4.4.jar:/home/nastyastrel/.m2/repository/org/scala-lang/modules/scala-java8-compat_2.13/1.0.0/scala-java8-compat_2.13-1.0.0.jar:/home/nastyastrel/.m2/repository/org/scala-lang/scala-reflect/2.13.6/scala-reflect-2.13.6.jar:/home/nastyastrel/.m2/repository/com/typesafe/scala-logging/scala-logging_2.13/3.9.3/scala-logging_2.13-3.9.3.jar:/home/nastyastrel/.m2/repository/io/dropwizard/metrics/metrics-core/4.2.4/metrics-core-4.2.4.jar:/home/nastyastrel/.m2/repository/commons-cli/commons-cli/1.4/commons-cli-1.4.jar:/home/nastyastrel/.m2/repository/org/apache/kafka/kafka_2.13/3.0.0/kafka_2.13-3.0.0-test.jar:/home/nastyastrel/.m2/repository/org/junit/jupiter/junit-jupiter-api/5.8.1/junit-jupiter-api-5.8.1.jar:/home/nastyastrel/.m2/repository/org/opentest4j/opentest4j/1.2.0/opentest4j-1.2.0.jar:/home/nastyastrel/.m2/repository/org/junit/platform/junit-platform-commons/1.8.1/junit-platform-commons-1.8.1.jar:/home/nastyastrel/.m2/repository/org/apiguardian/apiguardian-api/1.1.2/apiguardian-api-1.1.2.jar:/home/nastyastrel/.m2/repository/com/fasterxml/jackson/core/jackson-databind/2.13.0/jackson-databind-2.13.0.jar:/home/nastyastrel/.m2/repository/com/fasterxml/jackson/core/jackson-annotations/2.13.0/jackson-annotations-2.13.0.jar:/home/nastyastrel/.m2/repository/com/fasterxml/jackson/core/jackson-core/2.13.0/jackson-core-2.13.0.jar:/home/nastyastrel/.m2/repository/com/fasterxml/jackson/datatype/jackson-datatype-jsr310/2.13.0/jackson-datatype-jsr310-2.13.0.jar:/home/nastyastrel/.m2/repository/org/springframework/boot/spring-boot-configuration-processor/2.6.1/spring-boot-configuration-processor-2.6.1.jar:"/>
    <property name="java.vm.vendor" value="Eclipse OpenJ9"/>
    <property name="com.ibm.vm.bitmode" value="64"/>
    <property name="sun.arch.data.model" value="64"/>
    <property name="user.variant" value=""/>
    <property name="com.ibm.oti.vm.library.version" value="29"/>
    <property name="java.vendor.url" value="https://adoptopenjdk.net/"/>
    <property name="user.timezone" value=""/>
    <property name="os.name" value="Linux"/>
    <property name="java.vm.specification.version" value="16"/>
    <property name="user.country" value="US"/>
    <property name="sun.java.launcher" value="SUN_STANDARD"/>
    <property name="sun.boot.library.path" value="/home/nastyastrel/.sdkman/candidates/java/16.0.1.j9-adpt/lib/default:/home/nastyastrel/.sdkman/candidates/java/16.0.1.j9-adpt/lib"/>
    <property name="sun.java.command" value="/home/nastyastrel/dev/local/app-kafka-postgres/target/surefire/surefirebooter6761915808025976798.jar /home/nastyastrel/dev/local/app-kafka-postgres/target/surefire 2021-12-14T16-08-51_519-jvmRun1 surefire2471856186846150005tmp surefire_016753622263326839643tmp"/>
    <property name="surefire.test.class.path" value="/home/nastyastrel/dev/local/app-kafka-postgres/target/test-classes:/home/nastyastrel/dev/local/app-kafka-postgres/target/classes:/home/nastyastrel/.m2/repository/org/springframework/boot/spring-boot-starter/2.6.1/spring-boot-starter-2.6.1.jar:/home/nastyastrel/.m2/repository/org/springframework/boot/spring-boot/2.6.1/spring-boot-2.6.1.jar:/home/nastyastrel/.m2/repository/org/springframework/boot/spring-boot-autoconfigure/2.6.1/spring-boot-autoconfigure-2.6.1.jar:/home/nastyastrel/.m2/repository/org/springframework/boot/spring-boot-starter-logging/2.6.1/spring-boot-starter-logging-2.6.1.jar:/home/nastyastrel/.m2/repository/ch/qos/logback/logback-classic/1.2.7/logback-classic-1.2.7.jar:/home/nastyastrel/.m2/repository/ch/qos/logback/logback-core/1.2.7/logback-core-1.2.7.jar:/home/nastyastrel/.m2/repository/org/apache/logging/log4j/log4j-to-slf4j/2.14.1/log4j-to-slf4j-2.14.1.jar:/home/nastyastrel/.m2/repository/org/apache/logging/log4j/log4j-api/2.14.1/log4j-api-2.14.1.jar:/home/nastyastrel/.m2/repository/org/slf4j/jul-to-slf4j/1.7.32/jul-to-slf4j-1.7.32.jar:/home/nastyastrel/.m2/repository/jakarta/annotation/jakarta.annotation-api/1.3.5/jakarta.annotation-api-1.3.5.jar:/home/nastyastrel/.m2/repository/org/springframework/spring-core/5.3.13/spring-core-5.3.13.jar:/home/nastyastrel/.m2/repository/org/springframework/spring-jcl/5.3.13/spring-jcl-5.3.13.jar:/home/nastyastrel/.m2/repository/org/yaml/snakeyaml/1.29/snakeyaml-1.29.jar:/home/nastyastrel/.m2/repository/org/springframework/kafka/spring-kafka/2.8.0/spring-kafka-2.8.0.jar:/home/nastyastrel/.m2/repository/org/springframework/spring-context/5.3.13/spring-context-5.3.13.jar:/home/nastyastrel/.m2/repository/org/springframework/spring-aop/5.3.13/spring-aop-5.3.13.jar:/home/nastyastrel/.m2/repository/org/springframework/spring-beans/5.3.13/spring-beans-5.3.13.jar:/home/nastyastrel/.m2/repository/org/springframework/spring-expression/5.3.13/spring-expression-5.3.13.jar:/home/nastyastrel/.m2/repository/org/springframework/spring-messaging/5.3.13/spring-messaging-5.3.13.jar:/home/nastyastrel/.m2/repository/org/springframework/spring-tx/5.3.13/spring-tx-5.3.13.jar:/home/nastyastrel/.m2/repository/org/springframework/retry/spring-retry/1.3.1/spring-retry-1.3.1.jar:/home/nastyastrel/.m2/repository/javax/annotation/javax.annotation-api/1.3.2/javax.annotation-api-1.3.2.jar:/home/nastyastrel/.m2/repository/org/apache/kafka/kafka-clients/3.0.0/kafka-clients-3.0.0.jar:/home/nastyastrel/.m2/repository/com/github/luben/zstd-jni/1.5.0-2/zstd-jni-1.5.0-2.jar:/home/nastyastrel/.m2/repository/org/lz4/lz4-java/1.7.1/lz4-java-1.7.1.jar:/home/nastyastrel/.m2/repository/org/xerial/snappy/snappy-java/1.1.8.1/snappy-java-1.1.8.1.jar:/home/nastyastrel/.m2/repository/org/slf4j/slf4j-api/1.7.32/slf4j-api-1.7.32.jar:/home/nastyastrel/.m2/repository/com/google/code/findbugs/jsr305/3.0.2/jsr305-3.0.2.jar:/home/nastyastrel/.m2/repository/org/postgresql/postgresql/42.3.1/postgresql-42.3.1.jar:/home/nastyastrel/.m2/repository/org/checkerframework/checker-qual/3.5.0/checker-qual-3.5.0.jar:/home/nastyastrel/.m2/repository/org/springframework/boot/spring-boot-starter-test/2.6.1/spring-boot-starter-test-2.6.1.jar:/home/nastyastrel/.m2/repository/org/springframework/boot/spring-boot-test/2.6.1/spring-boot-test-2.6.1.jar:/home/nastyastrel/.m2/repository/org/springframework/boot/spring-boot-test-autoconfigure/2.6.1/spring-boot-test-autoconfigure-2.6.1.jar:/home/nastyastrel/.m2/repository/com/jayway/jsonpath/json-path/2.6.0/json-path-2.6.0.jar:/home/nastyastrel/.m2/repository/net/minidev/json-smart/2.4.7/json-smart-2.4.7.jar:/home/nastyastrel/.m2/repository/net/minidev/accessors-smart/2.4.7/accessors-smart-2.4.7.jar:/home/nastyastrel/.m2/repository/org/ow2/asm/asm/9.1/asm-9.1.jar:/home/nastyastrel/.m2/repository/jakarta/xml/bind/jakarta.xml.bind-api/2.3.3/jakarta.xml.bind-api-2.3.3.jar:/home/nastyastrel/.m2/repository/jakarta/activation/jakarta.activation-api/1.2.2/jakarta.activation-api-1.2.2.jar:/home/nastyastrel/.m2/repository/org/assertj/assertj-core/3.21.0/assertj-core-3.21.0.jar:/home/nastyastrel/.m2/repository/org/hamcrest/hamcrest/2.2/hamcrest-2.2.jar:/home/nastyastrel/.m2/repository/org/junit/jupiter/junit-jupiter/5.8.1/junit-jupiter-5.8.1.jar:/home/nastyastrel/.m2/repository/org/junit/jupiter/junit-jupiter-params/5.8.1/junit-jupiter-params-5.8.1.jar:/home/nastyastrel/.m2/repository/org/junit/jupiter/junit-jupiter-engine/5.8.1/junit-jupiter-engine-5.8.1.jar:/home/nastyastrel/.m2/repository/org/junit/platform/junit-platform-engine/1.8.1/junit-platform-engine-1.8.1.jar:/home/nastyastrel/.m2/repository/org/mockito/mockito-core/4.0.0/mockito-core-4.0.0.jar:/home/nastyastrel/.m2/repository/net/bytebuddy/byte-buddy/1.11.22/byte-buddy-1.11.22.jar:/home/nastyastrel/.m2/repository/net/bytebuddy/byte-buddy-agent/1.11.22/byte-buddy-agent-1.11.22.jar:/home/nastyastrel/.m2/repository/org/objenesis/objenesis/3.2/objenesis-3.2.jar:/home/nastyastrel/.m2/repository/org/mockito/mockito-junit-jupiter/4.0.0/mockito-junit-jupiter-4.0.0.jar:/home/nastyastrel/.m2/repository/org/skyscreamer/jsonassert/1.5.0/jsonassert-1.5.0.jar:/home/nastyastrel/.m2/repository/com/vaadin/external/google/android-json/0.0.20131108.vaadin1/android-json-0.0.20131108.vaadin1.jar:/home/nastyastrel/.m2/repository/org/springframework/spring-test/5.3.13/spring-test-5.3.13.jar:/home/nastyastrel/.m2/repository/org/xmlunit/xmlunit-core/2.8.3/xmlunit-core-2.8.3.jar:/home/nastyastrel/.m2/repository/org/springframework/boot/spring-boot-starter-jdbc/2.6.1/spring-boot-starter-jdbc-2.6.1.jar:/home/nastyastrel/.m2/repository/com/zaxxer/HikariCP/4.0.3/HikariCP-4.0.3.jar:/home/nastyastrel/.m2/repository/org/springframework/spring-jdbc/5.3.13/spring-jdbc-5.3.13.jar:/home/nastyastrel/.m2/repository/org/springframework/kafka/spring-kafka-test/2.8.0/spring-kafka-test-2.8.0.jar:/home/nastyastrel/.m2/repository/org/apache/zookeeper/zookeeper/3.6.3/zookeeper-3.6.3.jar:/home/nastyastrel/.m2/repository/org/apache/zookeeper/zookeeper-jute/3.6.3/zookeeper-jute-3.6.3.jar:/home/nastyastrel/.m2/repository/org/apache/yetus/audience-annotations/0.5.0/audience-annotations-0.5.0.jar:/home/nastyastrel/.m2/repository/io/netty/netty-handler/4.1.70.Final/netty-handler-4.1.70.Final.jar:/home/nastyastrel/.m2/repository/io/netty/netty-common/4.1.70.Final/netty-common-4.1.70.Final.jar:/home/nastyastrel/.m2/repository/io/netty/netty-resolver/4.1.70.Final/netty-resolver-4.1.70.Final.jar:/home/nastyastrel/.m2/repository/io/netty/netty-buffer/4.1.70.Final/netty-buffer-4.1.70.Final.jar:/home/nastyastrel/.m2/repository/io/netty/netty-transport/4.1.70.Final/netty-transport-4.1.70.Final.jar:/home/nastyastrel/.m2/repository/io/netty/netty-codec/4.1.70.Final/netty-codec-4.1.70.Final.jar:/home/nastyastrel/.m2/repository/io/netty/netty-transport-native-epoll/4.1.70.Final/netty-transport-native-epoll-4.1.70.Final.jar:/home/nastyastrel/.m2/repository/io/netty/netty-transport-native-unix-common/4.1.70.Final/netty-transport-native-unix-common-4.1.70.Final.jar:/home/nastyastrel/.m2/repository/io/netty/netty-transport-classes-epoll/4.1.70.Final/netty-transport-classes-epoll-4.1.70.Final.jar:/home/nastyastrel/.m2/repository/org/apache/kafka/kafka-clients/3.0.0/kafka-clients-3.0.0-test.jar:/home/nastyastrel/.m2/repository/org/apache/kafka/kafka-metadata/3.0.0/kafka-metadata-3.0.0.jar:/home/nastyastrel/.m2/repository/org/apache/kafka/kafka-server-common/3.0.0/kafka-server-common-3.0.0.jar:/home/nastyastrel/.m2/repository/org/apache/kafka/kafka-raft/3.0.0/kafka-raft-3.0.0.jar:/home/nastyastrel/.m2/repository/com/fasterxml/jackson/datatype/jackson-datatype-jdk8/2.13.0/jackson-datatype-jdk8-2.13.0.jar:/home/nastyastrel/.m2/repository/com/yammer/metrics/metrics-core/2.2.0/metrics-core-2.2.0.jar:/home/nastyastrel/.m2/repository/org/apache/kafka/kafka-streams-test-utils/3.0.0/kafka-streams-test-utils-3.0.0.jar:/home/nastyastrel/.m2/repository/org/apache/kafka/kafka-streams/3.0.0/kafka-streams-3.0.0.jar:/home/nastyastrel/.m2/repository/org/rocksdb/rocksdbjni/6.19.3/rocksdbjni-6.19.3.jar:/home/nastyastrel/.m2/repository/org/apache/kafka/kafka_2.13/3.0.0/kafka_2.13-3.0.0.jar:/home/nastyastrel/.m2/repository/org/scala-lang/scala-library/2.13.6/scala-library-2.13.6.jar:/home/nastyastrel/.m2/repository/org/apache/kafka/kafka-storage/3.0.0/kafka-storage-3.0.0.jar:/home/nastyastrel/.m2/repository/org/apache/kafka/kafka-storage-api/3.0.0/kafka-storage-api-3.0.0.jar:/home/nastyastrel/.m2/repository/net/sourceforge/argparse4j/argparse4j/0.7.0/argparse4j-0.7.0.jar:/home/nastyastrel/.m2/repository/com/fasterxml/jackson/module/jackson-module-scala_2.13/2.13.0/jackson-module-scala_2.13-2.13.0.jar:/home/nastyastrel/.m2/repository/com/thoughtworks/paranamer/paranamer/2.8/paranamer-2.8.jar:/home/nastyastrel/.m2/repository/com/fasterxml/jackson/dataformat/jackson-dataformat-csv/2.13.0/jackson-dataformat-csv-2.13.0.jar:/home/nastyastrel/.m2/repository/net/sf/jopt-simple/jopt-simple/5.0.4/jopt-simple-5.0.4.jar:/home/nastyastrel/.m2/repository/org/scala-lang/modules/scala-collection-compat_2.13/2.4.4/scala-collection-compat_2.13-2.4.4.jar:/home/nastyastrel/.m2/repository/org/scala-lang/modules/scala-java8-compat_2.13/1.0.0/scala-java8-compat_2.13-1.0.0.jar:/home/nastyastrel/.m2/repository/org/scala-lang/scala-reflect/2.13.6/scala-reflect-2.13.6.jar:/home/nastyastrel/.m2/repository/com/typesafe/scala-logging/scala-logging_2.13/3.9.3/scala-logging_2.13-3.9.3.jar:/home/nastyastrel/.m2/repository/io/dropwizard/metrics/metrics-core/4.2.4/metrics-core-4.2.4.jar:/home/nastyastrel/.m2/repository/commons-cli/commons-cli/1.4/commons-cli-1.4.jar:/home/nastyastrel/.m2/repository/org/apache/kafka/kafka_2.13/3.0.0/kafka_2.13-3.0.0-test.jar:/home/nastyastrel/.m2/repository/org/junit/jupiter/junit-jupiter-api/5.8.1/junit-jupiter-api-5.8.1.jar:/home/nastyastrel/.m2/repository/org/opentest4j/opentest4j/1.2.0/opentest4j-1.2.0.jar:/home/nastyastrel/.m2/repository/org/junit/platform/junit-platform-commons/1.8.1/junit-platform-commons-1.8.1.jar:/home/nastyastrel/.m2/repository/org/apiguardian/apiguardian-api/1.1.2/apiguardian-api-1.1.2.jar:/home/nastyastrel/.m2/repository/com/fasterxml/jackson/core/jackson-databind/2.13.0/jackson-databind-2.13.0.jar:/home/nastyastrel/.m2/repository/com/fasterxml/jackson/core/jackson-annotations/2.13.0/jackson-annotations-2.13.0.jar:/home/nastyastrel/.m2/repository/com/fasterxml/jackson/core/jackson-core/2.13.0/jackson-core-2.13.0.jar:/home/nastyastrel/.m2/repository/com/fasterxml/jackson/datatype/jackson-datatype-jsr310/2.13.0/jackson-datatype-jsr310-2.13.0.jar:/home/nastyastrel/.m2/repository/org/springframework/boot/spring-boot-configuration-processor/2.6.1/spring-boot-configuration-processor-2.6.1.jar:"/>
    <property name="sun.cpu.endian" value="little"/>
    <property name="user.home" value="/home/nastyastrel"/>
    <property name="user.language" value="en"/>
    <property name="java.specification.vendor" value="Oracle Corporation"/>
    <property name="java.version.date" value="2021-04-20"/>
    <property name="java.home" value="/home/nastyastrel/.sdkman/candidates/java/16.0.1.j9-adpt"/>
    <property name="ibm.signalhandling.rs" value="false"/>
    <property name="jdk.extensions.name" value="Extensions for OpenJDK for Eclipse OpenJ9"/>
    <property name="file.separator" value="/"/>
    <property name="basedir" value="/home/nastyastrel/dev/local/app-kafka-postgres"/>
    <property name="line.separator" value="&#10;"/>
    <property name="java.vm.specification.vendor" value="Oracle Corporation"/>
    <property name="java.specification.name" value="Java Platform API Specification"/>
    <property name="java.compiler" value="j9jit29"/>
    <property name="com.ibm.util.extralibs.properties" value=""/>
    <property name="java.awt.graphicsenv" value="sun.awt.X11GraphicsEnvironment"/>
    <property name="com.ibm.oti.configuration" value="scar"/>
    <property name="java.awt.fonts" value=""/>
    <property name="surefire.real.class.path" value="/home/nastyastrel/dev/local/app-kafka-postgres/target/surefire/surefirebooter6761915808025976798.jar"/>
    <property name="com.ibm.oti.shared.enabled" value="false"/>
    <property name="jdk.boot.class.path.append" value=""/>
    <property name="com.ibm.oti.vm.bootstrap.library.path" value="/home/nastyastrel/.sdkman/candidates/java/16.0.1.j9-adpt/lib/default:/home/nastyastrel/.sdkman/candidates/java/16.0.1.j9-adpt/lib"/>
    <property name="com.ibm.cpu.endian" value="little"/>
    <property name="java.fullversion" value="16.0.1+9&#10;JRE 16 Linux amd64-64-Bit Compressed References 20210421_23 (JIT enabled, AOT enabled)&#10;OpenJ9   - b4cc246d9&#10;OMR      - 162e6f729&#10;JCL      - cea22090ecf based on jdk-16.0.1+9"/>
    <property name="java.runtime.version" value="16.0.1+9"/>
    <property name="user.name" value="nastyastrel"/>
    <property name="path.separator" value=":"/>
    <property name="os.version" value="5.11.0-41-generic"/>
    <property name="java.runtime.name" value="OpenJDK Runtime Environment"/>
    <property name="ibm.signalhandling.sigint" value="true"/>
    <property name="file.encoding" value="UTF-8"/>
    <property name="java.vm.name" value="Eclipse OpenJ9 VM"/>
    <property name="java.vendor.version" value="AdoptOpenJDK-16.0.1+9"/>
    <property name="ibm.signalhandling.sigchain" value="true"/>
    <property name="localRepository" value="/home/nastyastrel/.m2/repository"/>
    <property name="java.vendor.url.bug" value="https://github.com/AdoptOpenJDK/openjdk-support/issues"/>
    <property name="java.io.tmpdir" value="/tmp"/>
    <property name="java.version" value="16.0.1"/>
    <property name="com.ibm.system.agent.path" value="/home/nastyastrel/.sdkman/candidates/java/16.0.1.j9-adpt/lib"/>
    <property name="user.dir" value="/home/nastyastrel/dev/local/app-kafka-postgres"/>
    <property name="os.arch" value="amd64"/>
    <property name="java.vm.specification.name" value="Java Virtual Machine Specification"/>
    <property name="java.awt.printerjob" value="sun.print.PSPrinterJob"/>
    <property name="sun.nio.PageAlignDirectMemory" value="false"/>
    <property name="os.encoding" value="UTF-8"/>
    <property name="java.library.path" value="/home/nastyastrel/.sdkman/candidates/java/16.0.1.j9-adpt/lib/default:/home/nastyastrel/.sdkman/candidates/java/16.0.1.j9-adpt/lib:/usr/lib64:/usr/lib"/>
    <property name="sun.nio.MaxDirectMemorySize" value="3188441088"/>
    <property name="java.vm.info" value="JRE 16 Linux amd64-64-Bit Compressed References 20210421_23 (JIT enabled, AOT enabled)&#10;OpenJ9   - b4cc246d9&#10;OMR      - 162e6f729&#10;JCL      - cea22090ecf based on jdk-16.0.1+9"/>
    <property name="java.vendor" value="AdoptOpenJDK"/>
    <property name="java.vm.version" value="openj9-0.26.0"/>
    <property name="ibm.system.encoding" value="UTF-8"/>
    <property name="com.ibm.jcl.checkClassPath" value=""/>
    <property name="sun.io.unicode.encoding" value="UnicodeLittle"/>
    <property name="java.class.version" value="60.0"/>
  </properties>
  <testcase name="contextLoads" classname="com.nastyastrel.appkafkapostgres.AppKafkaPostgresApplicationTests" time="0.412"/>
</testsuite>